
*************************************
   (subset_stitch_swath)   
Start Time:  Wed May 12 18:09:13 2021

**************************************

Listing Command Line Options:
 /usr/bin/subset_stitch_swath -p D:/Workplace/githubProjects/ImageFusion/MODIS/ReprojectionCropping/param.prm 


 Processing request number 1... 

ReadParameterFile_St: Warning:  Invalid field |
ReadParameterFile_St: Warning:  Invalid field |
Input #1 product shortname = MOD04_L2
Input #2 product shortname = MOD04_L2


 INPUTS Read from Parameter file:
	 NUMBER_INPUTFILES = 2
	 outputfilename = D:\Workplace\githubProjects\ImageFusion\MODIS\ReprojectionCropping\RC/MOD04_L2A2019214_Water_Vapor.tif_temp.hdf
	 objectname = mod07
	 outobjectname = mod07
	 fieldname = Water_Vapor
	 selected_band = 1
	 subsetting_upleft_lat = 58.455555 
	 subsetting_upleft_lon = 102.318771 
	 subsetting_lowright_lat = 19.556290 
	 subsetting_lowright_lon = 141.883545 
	 x_outpixelsize = 0.104160 
	 y_outpixelsize = 0.091008 
	 outputprojtype = GEO 
	 ellipsecode = WGS84

	 Input hdf file number 1 :
D:\Workplace\githubProjects\ImageFusion\MODIS\DELETE\MOD04_L2.A2019214.0300.061.2019214132552.hdf
	 Input hdf file number 2 :
D:\Workplace\githubProjects\ImageFusion\MODIS\DELETE\MOD04_L2.A2019214.0305.061.2019214132359.hdf
The file D:\Workplace\githubProjects\ImageFusion\MODIS\DELETE\MOD04_L2.A2019214.0300.061.2019214132552.hdf does not contain swath mod07.

 Encountered a problem. Exiting.
***********************************************
Ending Time:  Wed May 12 18:09:14 2021

Finished processing! 
CPU time = 0.0 seconds.
Elapsed time = 1.0 seconds.
***********************************************
Job completed....
